{"C:\\Users\\JoaoPedro\\OneDrive\\Área de Trabalho\\TDD\\calculate_salary\\calculate_salary_discount\\calc.ts": {"path":"C:\\Users\\JoaoPedro\\OneDrive\\Área de Trabalho\\TDD\\calculate_salary\\calculate_salary_discount\\calc.ts","statementMap":{"0":{"start":{"line":8,"column":33},"end":{"line":8,"column":37}},"1":{"start":{"line":9,"column":29},"end":{"line":9,"column":33}},"2":{"start":{"line":10,"column":27},"end":{"line":10,"column":31}},"3":{"start":{"line":16,"column":18},"end":{"line":16,"column":19}},"4":{"start":{"line":19,"column":4},"end":{"line":19,"column":57}},"5":{"start":{"line":19,"column":21},"end":{"line":19,"column":57}},"6":{"start":{"line":20,"column":4},"end":{"line":20,"column":57}},"7":{"start":{"line":20,"column":21},"end":{"line":20,"column":57}},"8":{"start":{"line":21,"column":4},"end":{"line":26,"column":46}},"9":{"start":{"line":26,"column":6},"end":{"line":26,"column":46}},"10":{"start":{"line":27,"column":4},"end":{"line":28,"column":43}},"11":{"start":{"line":28,"column":6},"end":{"line":28,"column":43}},"12":{"start":{"line":30,"column":4},"end":{"line":30,"column":22}},"13":{"start":{"line":32,"column":4},"end":{"line":32,"column":16}},"14":{"start":{"line":36,"column":4},"end":{"line":41,"column":5}},"15":{"start":{"line":37,"column":6},"end":{"line":40,"column":41}},"16":{"start":{"line":43,"column":4},"end":{"line":48,"column":5}},"17":{"start":{"line":44,"column":6},"end":{"line":47,"column":41}},"18":{"start":{"line":50,"column":4},"end":{"line":55,"column":5}},"19":{"start":{"line":51,"column":6},"end":{"line":54,"column":42}},"20":{"start":{"line":57,"column":4},"end":{"line":57,"column":38}},"21":{"start":{"line":61,"column":4},"end":{"line":61,"column":64}}},"fnMap":{"0":{"name":"(anonymous_0)","decl":{"start":{"line":18,"column":2},"end":{"line":18,"column":3}},"loc":{"start":{"line":18,"column":29},"end":{"line":33,"column":3}},"line":18},"1":{"name":"(anonymous_1)","decl":{"start":{"line":35,"column":2},"end":{"line":35,"column":3}},"loc":{"start":{"line":35,"column":21},"end":{"line":58,"column":3}},"line":35},"2":{"name":"(anonymous_2)","decl":{"start":{"line":60,"column":2},"end":{"line":60,"column":3}},"loc":{"start":{"line":60,"column":45},"end":{"line":62,"column":3}},"line":60}},"branchMap":{"0":{"loc":{"start":{"line":19,"column":4},"end":{"line":19,"column":57}},"type":"if","locations":[{"start":{"line":19,"column":4},"end":{"line":19,"column":57}},{"start":{},"end":{}}],"line":19},"1":{"loc":{"start":{"line":20,"column":4},"end":{"line":20,"column":57}},"type":"if","locations":[{"start":{"line":20,"column":4},"end":{"line":20,"column":57}},{"start":{},"end":{}}],"line":20},"2":{"loc":{"start":{"line":21,"column":4},"end":{"line":26,"column":46}},"type":"if","locations":[{"start":{"line":21,"column":4},"end":{"line":26,"column":46}},{"start":{},"end":{}}],"line":21},"3":{"loc":{"start":{"line":22,"column":6},"end":{"line":24,"column":26}},"type":"binary-expr","locations":[{"start":{"line":22,"column":6},"end":{"line":22,"column":32}},{"start":{"line":23,"column":6},"end":{"line":23,"column":28}},{"start":{"line":24,"column":6},"end":{"line":24,"column":26}}],"line":22},"4":{"loc":{"start":{"line":27,"column":4},"end":{"line":28,"column":43}},"type":"if","locations":[{"start":{"line":27,"column":4},"end":{"line":28,"column":43}},{"start":{},"end":{}}],"line":27},"5":{"loc":{"start":{"line":27,"column":8},"end":{"line":27,"column":60}},"type":"binary-expr","locations":[{"start":{"line":27,"column":8},"end":{"line":27,"column":24}},{"start":{"line":27,"column":28},"end":{"line":27,"column":60}}],"line":27},"6":{"loc":{"start":{"line":36,"column":4},"end":{"line":41,"column":5}},"type":"if","locations":[{"start":{"line":36,"column":4},"end":{"line":41,"column":5}},{"start":{},"end":{}}],"line":36},"7":{"loc":{"start":{"line":38,"column":8},"end":{"line":40,"column":40}},"type":"cond-expr","locations":[{"start":{"line":39,"column":12},"end":{"line":39,"column":40}},{"start":{"line":40,"column":12},"end":{"line":40,"column":40}}],"line":38},"8":{"loc":{"start":{"line":43,"column":4},"end":{"line":48,"column":5}},"type":"if","locations":[{"start":{"line":43,"column":4},"end":{"line":48,"column":5}},{"start":{},"end":{}}],"line":43},"9":{"loc":{"start":{"line":45,"column":8},"end":{"line":47,"column":40}},"type":"cond-expr","locations":[{"start":{"line":46,"column":12},"end":{"line":46,"column":40}},{"start":{"line":47,"column":12},"end":{"line":47,"column":40}}],"line":45},"10":{"loc":{"start":{"line":50,"column":4},"end":{"line":55,"column":5}},"type":"if","locations":[{"start":{"line":50,"column":4},"end":{"line":55,"column":5}},{"start":{},"end":{}}],"line":50},"11":{"loc":{"start":{"line":52,"column":8},"end":{"line":54,"column":41}},"type":"cond-expr","locations":[{"start":{"line":53,"column":12},"end":{"line":53,"column":41}},{"start":{"line":54,"column":12},"end":{"line":54,"column":41}}],"line":52}},"s":{"0":1,"1":1,"2":1,"3":8,"4":11,"5":1,"6":10,"7":1,"8":9,"9":1,"10":8,"11":2,"12":6,"13":6,"14":5,"15":2,"16":5,"17":2,"18":5,"19":1,"20":5,"21":5},"f":{"0":11,"1":5,"2":5},"b":{"0":[1,10],"1":[1,9],"2":[1,8],"3":[9,4,2],"4":[2,6],"5":[8,6],"6":[2,3],"7":[1,1],"8":[2,3],"9":[1,1],"10":[1,4],"11":[0,1]},"_coverageSchema":"1a1c01bbd47fc00a2c39e90264f33305004495a9","hash":"fa3f826cf1ef13a8ccb7fa285bf2a132b3d53175"}
}
