TN:
SF:calculate_salary_discount\calc.ts
FN:18,(anonymous_0)
FN:35,(anonymous_1)
FN:60,(anonymous_2)
FNF:3
FNH:3
FNDA:11,(anonymous_0)
FNDA:5,(anonymous_1)
FNDA:5,(anonymous_2)
DA:8,1
DA:9,1
DA:10,1
DA:16,8
DA:19,11
DA:20,10
DA:21,9
DA:26,1
DA:27,8
DA:28,2
DA:30,6
DA:32,6
DA:36,5
DA:37,2
DA:43,5
DA:44,2
DA:50,5
DA:51,1
DA:57,5
DA:61,5
LF:20
LH:20
BRDA:19,0,0,1
BRDA:19,0,1,10
BRDA:20,1,0,1
BRDA:20,1,1,9
BRDA:21,2,0,1
BRDA:21,2,1,8
BRDA:22,3,0,9
BRDA:22,3,1,4
BRDA:22,3,2,2
BRDA:27,4,0,2
BRDA:27,4,1,6
BRDA:27,5,0,8
BRDA:27,5,1,6
BRDA:36,6,0,2
BRDA:36,6,1,3
BRDA:38,7,0,1
BRDA:38,7,1,1
BRDA:43,8,0,2
BRDA:43,8,1,3
BRDA:45,9,0,1
BRDA:45,9,1,1
BRDA:50,10,0,1
BRDA:50,10,1,4
BRDA:52,11,0,0
BRDA:52,11,1,1
BRF:25
BRH:24
end_of_record
